  Linear.cpp
C:\Users\Олег\source\Repos\Simplex_dll\Simplex_dll\Simplex.h(23,58): warning C4251: Simplex::data: class "std::vector<std::pair<std::vector<double,std::allocator<double>>,size_t>,std::allocator<std::pair<std::vector<double,std::allocator<double>>,size_t>>>" должен иметь dll-интерфейс для использования клиентами class "Simplex"
C:\Users\Олег\source\Repos\Simplex_dll\Simplex_dll\Simplex.h(23): message : см. объявление "std::vector<std::pair<std::vector<double,std::allocator<double>>,size_t>,std::allocator<std::pair<std::vector<double,std::allocator<double>>,size_t>>>"
C:\Users\Олег\source\Repos\Simplex_dll\Simplex_dll\Simplex.h(24,26): warning C4251: Simplex::func: class "std::vector<double,std::allocator<double>>" должен иметь dll-интерфейс для использования клиентами class "Simplex"
C:\Users\Олег\source\Repos\Simplex_dll\Simplex_dll\Matrix.h(18): message : см. объявление "std::vector<double,std::allocator<double>>"
C:\Users\Олег\source\Repos\Simplex_dll\Simplex_dll\Simplex.h(25,27): warning C4251: Simplex::delta: class "std::vector<double,std::allocator<double>>" должен иметь dll-интерфейс для использования клиентами class "Simplex"
C:\Users\Олег\source\Repos\Simplex_dll\Simplex_dll\Matrix.h(18): message : см. объявление "std::vector<double,std::allocator<double>>"
  Matrix.cpp
  Parser.cpp
C:\Users\Олег\source\Repos\Simplex_dll\Simplex_dll\Simplex.h(23,58): warning C4251: Simplex::data: class "std::vector<std::pair<std::vector<double,std::allocator<double>>,size_t>,std::allocator<std::pair<std::vector<double,std::allocator<double>>,size_t>>>" должен иметь dll-интерфейс для использования клиентами class "Simplex"
C:\Users\Олег\source\Repos\Simplex_dll\Simplex_dll\Simplex.h(23): message : см. объявление "std::vector<std::pair<std::vector<double,std::allocator<double>>,size_t>,std::allocator<std::pair<std::vector<double,std::allocator<double>>,size_t>>>"
C:\Users\Олег\source\Repos\Simplex_dll\Simplex_dll\Simplex.h(24,26): warning C4251: Simplex::func: class "std::vector<double,std::allocator<double>>" должен иметь dll-интерфейс для использования клиентами class "Simplex"
C:\Users\Олег\source\Repos\Simplex_dll\Simplex_dll\Matrix.h(18): message : см. объявление "std::vector<double,std::allocator<double>>"
C:\Users\Олег\source\Repos\Simplex_dll\Simplex_dll\Simplex.h(25,27): warning C4251: Simplex::delta: class "std::vector<double,std::allocator<double>>" должен иметь dll-интерфейс для использования клиентами class "Simplex"
C:\Users\Олег\source\Repos\Simplex_dll\Simplex_dll\Matrix.h(18): message : см. объявление "std::vector<double,std::allocator<double>>"
  Simplex.cpp
C:\Users\Олег\source\Repos\Simplex_dll\Simplex_dll\Simplex.h(23,58): warning C4251: Simplex::data: class "std::vector<std::pair<std::vector<double,std::allocator<double>>,size_t>,std::allocator<std::pair<std::vector<double,std::allocator<double>>,size_t>>>" должен иметь dll-интерфейс для использования клиентами class "Simplex"
C:\Users\Олег\source\Repos\Simplex_dll\Simplex_dll\Simplex.h(23): message : см. объявление "std::vector<std::pair<std::vector<double,std::allocator<double>>,size_t>,std::allocator<std::pair<std::vector<double,std::allocator<double>>,size_t>>>"
C:\Users\Олег\source\Repos\Simplex_dll\Simplex_dll\Simplex.h(24,26): warning C4251: Simplex::func: class "std::vector<double,std::allocator<double>>" должен иметь dll-интерфейс для использования клиентами class "Simplex"
C:\Users\Олег\source\Repos\Simplex_dll\Simplex_dll\Matrix.h(18): message : см. объявление "std::vector<double,std::allocator<double>>"
C:\Users\Олег\source\Repos\Simplex_dll\Simplex_dll\Simplex.h(25,27): warning C4251: Simplex::delta: class "std::vector<double,std::allocator<double>>" должен иметь dll-интерфейс для использования клиентами class "Simplex"
C:\Users\Олег\source\Repos\Simplex_dll\Simplex_dll\Matrix.h(18): message : см. объявление "std::vector<double,std::allocator<double>>"
  Создание кода...
     Создается библиотека C:\Users\Олег\source\Repos\Simplex_dll\Debug\Simplex_dll.lib и объект C:\Users\Олег\source\Repos\Simplex_dll\Debug\Simplex_dll.exp
  Simplex_dll.vcxproj -> C:\Users\Олег\source\Repos\Simplex_dll\Debug\Simplex_dll.dll
